#
# There is insufficient memory for the Java Runtime Environment to continue.
# Native memory allocation (malloc) failed to allocate 81936 bytes for Chunk::new
# Possible reasons:
#   The system is out of physical RAM or swap space
#   In 32 bit mode, the process size limit was hit
# Possible solutions:
#   Reduce memory load on the system
#   Increase physical memory or swap space
#   Check if swap backing store is full
#   Use 64 bit Java on a 64 bit OS
#   Decrease Java heap size (-Xmx/-Xms)
#   Decrease number of Java threads
#   Decrease Java thread stack sizes (-Xss)
#   Set larger code cache with -XX:ReservedCodeCacheSize=
# This output file may be truncated or incomplete.
#
#  Out of Memory Error (allocation.cpp:390), pid=8024, tid=0x0000000000001b74
#
# JRE version: OpenJDK Runtime Environment (8.0_76-b03) (build 1.8.0_76-release-b03)
# Java VM: OpenJDK 64-Bit Server VM (25.76-b03 mixed mode windows-amd64 compressed oops)
# Failed to write core dump. Minidumps are not enabled by default on client versions of Windows
#

---------------  T H R E A D  ---------------

Current thread (0x0000000056344000):  JavaThread "C1 CompilerThread3" daemon [_thread_in_native, id=7028, stack(0x00000000588a0000,0x00000000589a0000)]

Stack: [0x00000000588a0000,0x00000000589a0000]
[error occurred during error reporting (printing stack bounds), id 0xc0000005]

Native frames: (J=compiled Java code, j=interpreted, Vv=VM code, C=native code)


Current CompileTask:
C1:    801  662   !   3       com.android.dx.cf.code.RopperMachine::run (1608 bytes)


---------------  P R O C E S S  ---------------

Java Threads: ( => current thread )
  0x0000000056624000 JavaThread "pool-1-thread-4" [_thread_in_Java, id=5988, stack(0x00000000592c0000,0x00000000593c0000)]
  0x0000000056527800 JavaThread "pool-1-thread-3" [_thread_in_Java, id=4216, stack(0x0000000059150000,0x0000000059250000)]
  0x00000000564e0000 JavaThread "pool-1-thread-2" [_thread_in_Java, id=6984, stack(0x0000000058f20000,0x0000000059020000)]
  0x00000000564dd000 JavaThread "pool-2-thread-1" [_thread_blocked, id=7860, stack(0x0000000058730000,0x0000000058830000)]
  0x00000000564d9000 JavaThread "pool-1-thread-1" [_thread_in_Java, id=2480, stack(0x0000000058d30000,0x0000000058e30000)]
  0x00000000563ad800 JavaThread "Service Thread" daemon [_thread_blocked, id=5056, stack(0x0000000058a30000,0x0000000058b30000)]
=>0x0000000056344000 JavaThread "C1 CompilerThread3" daemon [_thread_in_native, id=7028, stack(0x00000000588a0000,0x00000000589a0000)]
  0x0000000056323000 JavaThread "C2 CompilerThread2" daemon [_thread_in_native, id=6580, stack(0x0000000057c80000,0x0000000057d80000)]
  0x0000000056314000 JavaThread "C2 CompilerThread1" daemon [_thread_in_native, id=5248, stack(0x0000000058310000,0x0000000058410000)]
  0x000000005630c800 JavaThread "C2 CompilerThread0" daemon [_thread_in_native, id=5188, stack(0x0000000058600000,0x0000000058700000)]
  0x00000000562fd000 JavaThread "Attach Listener" daemon [_thread_blocked, id=7432, stack(0x0000000058100000,0x0000000058200000)]
  0x000000005630b000 JavaThread "Signal Dispatcher" daemon [_thread_blocked, id=3476, stack(0x0000000058420000,0x0000000058520000)]
  0x000000005523d000 JavaThread "Finalizer" daemon [_thread_blocked, id=7464, stack(0x0000000058200000,0x0000000058300000)]
  0x0000000055236800 JavaThread "Reference Handler" daemon [_thread_blocked, id=5200, stack(0x0000000057d90000,0x0000000057e90000)]
  0x0000000001c8e000 JavaThread "main" [_thread_in_Java, id=7844, stack(0x0000000002220000,0x0000000002320000)]

Other Threads:
  0x00000000562a3800 VMThread [stack: 0x0000000057b80000,0x0000000057c80000] [id=4912]
  0x000000005638d800 WatcherThread [stack: 0x0000000058bd0000,0x0000000058cd0000] [id=6400]

VM state:not at safepoint (normal execution)

VM Mutex/Monitor currently owned by a thread: None

Heap:
 PSYoungGen      total 76288K, used 22295K [0x00000000eab00000, 0x00000000f0000000, 0x0000000100000000)
  eden space 65536K, 34% used [0x00000000eab00000,0x00000000ec0c5ec0,0x00000000eeb00000)
  from space 10752K, 0% used [0x00000000ef580000,0x00000000ef580000,0x00000000f0000000)
  to   space 10752K, 0% used [0x00000000eeb00000,0x00000000eeb00000,0x00000000ef580000)
 ParOldGen       total 175104K, used 0K [0x00000000c0000000, 0x00000000cab00000, 0x00000000eab00000)
  object space 175104K, 0% used [0x00000000c0000000,0x00000000c0000000,0x00000000cab00000)
 Metaspace       used 5710K, capacity 6832K, committed 7040K, reserved 1056768K
  class space    used 573K, capacity 616K, committed 640K, reserved 1048576K

Card table byte_map: [0x0000000011780000,0x0000000011990000] byte_map_base: 0x0000000011180000

Marking Bits: (ParMarkBitMap*) 0x0000000057709d00
 Begin Bits: [0x0000000012650000, 0x0000000013650000)
 End Bits:   [0x0000000013650000, 0x0000000014650000)

Polling page: 0x0000000000410000

CodeCache: size=245760Kb used=2535Kb max_used=2546Kb free=243224Kb
 bounds [0x00000000023c0000, 0x0000000002640000, 0x00000000113c0000]
 total_blobs=876 nmethods=610 adapters=180
 compilation: enabled

Compilation events (10 events):
Event: 0.796 Thread 0x0000000056314000 nmethod 661 0x000000000262c4d0 code [0x000000000262c620, 0x000000000262c8b8]
Event: 0.796 Thread 0x0000000056314000  642       4       com.android.dx.rop.code.RegisterSpec::equals (51 bytes)
Event: 0.798 Thread 0x0000000056314000 nmethod 642 0x000000000263d9d0 code [0x000000000263db20, 0x000000000263df18]
Event: 0.798 Thread 0x0000000056314000  659       4       com.android.dx.util.LabeledList::indexOfLabel (22 bytes)
Event: 0.798 Thread 0x0000000056314000 nmethod 659 0x000000000263b490 code [0x000000000263b5e0, 0x000000000263b698]
Event: 0.798 Thread 0x0000000056314000  664       4       java.util.BitSet::<init> (56 bytes)
Event: 0.799 Thread 0x0000000056314000 nmethod 664 0x000000000262f6d0 code [0x000000000262f820, 0x000000000262f958]
Event: 0.799 Thread 0x0000000056314000  676       4       com.android.dx.ssa.NormalSsaInsn::getSources (8 bytes)
Event: 0.799 Thread 0x0000000056314000 nmethod 676 0x000000000263b890 code [0x000000000263b9c0, 0x000000000263ba38]
Event: 0.799 Thread 0x0000000056314000  639   !   4       com.android.dx.rop.code.RegisterSpec::intern (70 bytes)

GC Heap History (0 events):
No events

Deoptimization events (2 events):
Event: 0.662 Thread 0x0000000001c8e000 Uncommon trap: reason=unstable_if action=reinterpret pc=0x00000000024f7f04 method=java.lang.String.indexOf(II)I @ 49
Event: 0.798 Thread 0x0000000001c8e000 Uncommon trap: reason=unstable_if action=reinterpret pc=0x000000000263de34 method=com.android.dx.rop.code.RegisterSpec.equals(ILcom/android/dx/rop/type/TypeBearer;Lcom/android/dx/rop/code/LocalItem;)Z @ 42

Internal exceptions (2 events):
Event: 0.255 Thread 0x0000000001c8e000 Exception <a 'java/lang/NoSuchMethodError': Method sun.misc.Unsafe.defineClass(Ljava/lang/String;[BII)Ljava/lang/Class; name or signature does not match> (0x00000000eab07cc0) thrown at [C:\src\android\AOSP-openjdk\external\jetbrains\jdk\hotspot\src\share\v8Hç∏ùO–?
Event: 0.255 Thread 0x0000000001c8e000 Exception <a 'java/lang/NoSuchMethodError': Method sun.misc.Unsafe.prefetchRead(Ljava/lang/Object;J)V name or signature does not match> (0x00000000eab07fa8) thrown at [C:\src\android\AOSP-openjdk\external\jetbrains\jdk\hotspot\src\share\vm\prims\jni.cpp, l

Events (10 events):
Event: 0.782 loading class com/android/dx/dex/file/UniformListItem done
Event: 0.782 loading class com/android/dx/dex/file/AnnotationSetRefItem
Event: 0.782 loading class com/android/dx/dex/file/AnnotationSetRefItem done
Event: 0.790 Thread 0x0000000001c8e000 DEOPT PACKING pc=0x00000000025e9515 sp=0x000000000231e000
Event: 0.790 Thread 0x0000000001c8e000 DEOPT UNPACKING pc=0x00000000024075bf sp=0x000000000231dd30 mode 0
Event: 0.794 Thread 0x0000000001c8e000 DEOPT PACKING pc=0x00000000025e9515 sp=0x000000000231dff0
Event: 0.794 Thread 0x0000000001c8e000 DEOPT UNPACKING pc=0x00000000024075bf sp=0x000000000231dd20 mode 0
Event: 0.798 Thread 0x0000000001c8e000 Uncommon trap: trap_request=0xffffff65 fr.pc=0x000000000263de34
Event: 0.798 Thread 0x0000000001c8e000 DEOPT PACKING pc=0x000000000263de34 sp=0x000000000231e570
Event: 0.798 Thread 0x0000000001c8e000 DEOPT UNPACKING pc=0x000000000240556a sp=0x000000000231e4f8 mode 2


Dynamic libraries:
0x000000013f530000 - 0x000000013f561000 	D:\Program Files\Android\Android Studio\jre\bin\java.exe
0x0000000077980000 - 0x0000000077b2a000 	C:\Windows\SYSTEM32\ntdll.dll
0x00000000773e0000 - 0x00000000774ff000 	C:\Windows\system32\kernel32.dll
0x000007fefe150000 - 0x000007fefe1ba000 	C:\Windows\system32\KERNELBASE.dll
0x000007feff5d0000 - 0x000007feff6ab000 	C:\Windows\system32\ADVAPI32.dll
0x000007fefe270000 - 0x000007fefe30f000 	C:\Windows\system32\msvcrt.dll
0x000007fefe310000 - 0x000007fefe32f000 	C:\Windows\SYSTEM32\sechost.dll
0x000007feff9a0000 - 0x000007feffacd000 	C:\Windows\system32\RPCRT4.dll
0x0000000077660000 - 0x000000007775a000 	C:\Windows\system32\USER32.dll
0x000007fefe1c0000 - 0x000007fefe227000 	C:\Windows\system32\GDI32.dll
0x000007feffc00000 - 0x000007feffc0e000 	C:\Windows\system32\LPK.dll
0x000007feff400000 - 0x000007feff4cb000 	C:\Windows\system32\USP10.dll
0x000007fefc9e0000 - 0x000007fefcbd4000 	C:\Windows\WinSxS\amd64_microsoft.windows.common-controls_6595b64144ccf1df_6.0.7601.17514_none_fa396087175ac9ac\COMCTL32.dll
0x000007feff4d0000 - 0x000007feff541000 	C:\Windows\system32\SHLWAPI.dll
0x000007fefe230000 - 0x000007fefe25e000 	C:\Windows\system32\IMM32.DLL
0x000007feff890000 - 0x000007feff999000 	C:\Windows\system32\MSCTF.dll
0x0000000057fa0000 - 0x0000000058072000 	D:\Program Files\Android\Android Studio\jre\jre\bin\msvcr100.dll
0x0000000056f50000 - 0x0000000057784000 	D:\Program Files\Android\Android Studio\jre\jre\bin\server\jvm.dll
0x000007fefb370000 - 0x000007fefb379000 	C:\Windows\system32\WSOCK32.dll
0x000007feffbb0000 - 0x000007feffbfd000 	C:\Windows\system32\WS2_32.dll
0x000007fefe260000 - 0x000007fefe268000 	C:\Windows\system32\NSI.dll
0x000007fefb9e0000 - 0x000007fefba1b000 	C:\Windows\system32\WINMM.dll
0x000007fefcf00000 - 0x000007fefcf0c000 	C:\Windows\system32\VERSION.dll
0x0000000077b50000 - 0x0000000077b57000 	C:\Windows\system32\PSAPI.DLL
0x000007fefb6c0000 - 0x000007fefb6cf000 	D:\Program Files\Android\Android Studio\jre\jre\bin\verify.dll
0x000007fefb630000 - 0x000007fefb659000 	D:\Program Files\Android\Android Studio\jre\jre\bin\java.dll
0x000007fefb600000 - 0x000007fefb616000 	D:\Program Files\Android\Android Studio\jre\jre\bin\zip.dll
0x000007fefe5d0000 - 0x000007feff35a000 	C:\Windows\system32\SHELL32.dll
0x000007fefe3d0000 - 0x000007fefe5cc000 	C:\Windows\system32\ole32.dll
0x000007fefddf0000 - 0x000007fefddff000 	C:\Windows\system32\profapi.dll

VM Arguments:
jvm_args: -Djava.awt.headless=true -Xmx1024M -Dfile.encoding=GBK -Duser.country=CN -Duser.language=zh -Duser.variant 
java_command: com.android.dx.command.Main --dex --num-threads=4 --output G:\scripts\dj_program\customviews\CustomViews\CustomViews\app\build\intermediates\pre-dexed\debug\com.android.support-support-vector-drawable-25.3.1_e0f9bbcf810469844a8ce54461e9782d8c19659c.jar G:\scripts\dj_program\customviews\CustomViews\CustomViews\app\build\intermediates\exploded-aar\com.android.support\support-vector-drawable\25.3.1\jars\classes.jar
java_class_path (initial): G:\androidStudio-sdk-tools\windows-tool\studioSdk-win\studioSdk\build-tools\26.0.2\lib\dx.jar
Launcher Type: SUN_STANDARD

Environment Variables:
JAVA_HOME=E:\Program Files (x86)\Java\jdk1.7.0_45
PATH=C:\Windows\system32;C:\Windows;C:\Windows\System32\Wbem;C:\Windows\System32\WindowsPowerShell\v1.0\;E:\Program Files (x86)\adt-bundle-windows-x86_64-20140702\sdk\platform-tools;E:\Program Files (x86)\Java\jdk1.7.0_45\bin;E:\Program Files (x86)\sdk_new\platform-tools;C:\Python27;C:\Users\gang.an\AppData\Local\Programs\Python\Python35;C:\Users\gang.an\AppData\Local\Programs\Python\Python35\Scripts;C:\Program Files (x86)\Mozilla Firefox;C:\Program Files\Git\cmd
USERNAME=gang.an
OS=Windows_NT
PROCESSOR_IDENTIFIER=Intel64 Family 6 Model 60 Stepping 3, GenuineIntel



---------------  S Y S T E M  ---------------

OS: Windows 7 , 64 bit Build 7601 (6.1.7601.23915)

CPU:total 8 (4 cores per cpu, 2 threads per core) family 6 model 60 stepping 3, cmov, cx8, fxsr, mmx, sse, sse2, sse3, ssse3, sse4.1, sse4.2, popcnt, avx, avx2, aes, clmul, erms, lzcnt, ht, tsc, tscinvbit, bmi1, bmi2

Memory: 4k page, physical 16683156k(714868k free), swap 16681296k(5112k free)

vm_info: OpenJDK 64-Bit Server VM (25.76-b03) for windows-amd64 JRE (1.8.0_76-release-b03), built on Jun 29 2016 19:09:20 by "ralucas" with MS VC++ 10.0 (VS2010)

time: Thu Nov 02 10:48:08 2017
elapsed time: 0 seconds (0d 0h 0m 0s)

