#
# There is insufficient memory for the Java Runtime Environment to continue.
# Native memory allocation (malloc) failed to allocate 865936 bytes for Chunk::new
# Possible reasons:
#   The system is out of physical RAM or swap space
#   In 32 bit mode, the process size limit was hit
# Possible solutions:
#   Reduce memory load on the system
#   Increase physical memory or swap space
#   Check if swap backing store is full
#   Use 64 bit Java on a 64 bit OS
#   Decrease Java heap size (-Xmx/-Xms)
#   Decrease number of Java threads
#   Decrease Java thread stack sizes (-Xss)
#   Set larger code cache with -XX:ReservedCodeCacheSize=
# This output file may be truncated or incomplete.
#
#  Out of Memory Error (allocation.cpp:390), pid=7816, tid=0x00000000000015ec
#
# JRE version: OpenJDK Runtime Environment (8.0_76-b03) (build 1.8.0_76-release-b03)
# Java VM: OpenJDK 64-Bit Server VM (25.76-b03 mixed mode windows-amd64 compressed oops)
# Failed to write core dump. Minidumps are not enabled by default on client versions of Windows
#

---------------  T H R E A D  ---------------

Current thread (0x0000000056453800):  JavaThread "C2 CompilerThread2" daemon [_thread_in_native, id=5612, stack(0x0000000058980000,0x0000000058a80000)]

Stack: [0x0000000058980000,0x0000000058a80000]
[error occurred during error reporting (printing stack bounds), id 0xc0000005]

Native frames: (J=compiled Java code, j=interpreted, Vv=VM code, C=native code)


Current CompileTask:
C2:   2881 1714   !   4       com.android.dx.cf.code.BytecodeArray::parseInstruction (2796 bytes)


---------------  P R O C E S S  ---------------

Java Threads: ( => current thread )
  0x000000005675a000 JavaThread "pool-1-thread-4" [_thread_blocked, id=7752, stack(0x0000000059730000,0x0000000059830000)]
  0x0000000058d82800 JavaThread "pool-1-thread-3" [_thread_blocked, id=7668, stack(0x0000000059830000,0x0000000059930000)]
  0x0000000058d7d000 JavaThread "pool-1-thread-2" [_thread_blocked, id=6256, stack(0x0000000057ea0000,0x0000000057fa0000)]
  0x0000000058e09800 JavaThread "pool-2-thread-1" [_thread_blocked, id=8136, stack(0x0000000059580000,0x0000000059680000)]
  0x0000000058e08800 JavaThread "pool-1-thread-1" [_thread_in_vm, id=6384, stack(0x0000000058700000,0x0000000058800000)]
  0x00000000564d6800 JavaThread "Service Thread" daemon [_thread_blocked, id=4624, stack(0x0000000058bf0000,0x0000000058cf0000)]
  0x0000000056474000 JavaThread "C1 CompilerThread3" daemon [_thread_in_native, id=7904, stack(0x0000000058af0000,0x0000000058bf0000)]
=>0x0000000056453800 JavaThread "C2 CompilerThread2" daemon [_thread_in_native, id=5612, stack(0x0000000058980000,0x0000000058a80000)]
  0x0000000056444800 JavaThread "C2 CompilerThread1" daemon [_thread_in_native, id=7976, stack(0x0000000058820000,0x0000000058920000)]
  0x000000005643d000 JavaThread "C2 CompilerThread0" daemon [_thread_in_native, id=7964, stack(0x0000000058600000,0x0000000058700000)]
  0x000000005642f000 JavaThread "Attach Listener" daemon [_thread_blocked, id=4552, stack(0x0000000058440000,0x0000000058540000)]
  0x0000000056417000 JavaThread "Signal Dispatcher" daemon [_thread_blocked, id=7644, stack(0x0000000058330000,0x0000000058430000)]
  0x000000005547e000 JavaThread "Finalizer" daemon [_thread_blocked, id=4932, stack(0x00000000581f0000,0x00000000582f0000)]
  0x0000000055477000 JavaThread "Reference Handler" daemon [_thread_blocked, id=7156, stack(0x0000000057c30000,0x0000000057d30000)]
  0x000000000008e000 JavaThread "main" [_thread_blocked, id=5148, stack(0x0000000002350000,0x0000000002450000)]

Other Threads:
  0x00000000563d3800 VMThread [stack: 0x0000000057d70000,0x0000000057e70000] [id=8028]
  0x00000000564e1800 WatcherThread [stack: 0x0000000058090000,0x0000000058190000] [id=6984]

VM state:not at safepoint (normal execution)

VM Mutex/Monitor currently owned by a thread: None

Heap:
 PSYoungGen      total 76288K, used 71760K [0x00000000eab00000, 0x00000000f0000000, 0x0000000100000000)
  eden space 65536K, 94% used [0x00000000eab00000,0x00000000ee7425e0,0x00000000eeb00000)
  from space 10752K, 93% used [0x00000000eeb00000,0x00000000ef4d1b90,0x00000000ef580000)
  to   space 10752K, 0% used [0x00000000ef580000,0x00000000ef580000,0x00000000f0000000)
 ParOldGen       total 175104K, used 16K [0x00000000c0000000, 0x00000000cab00000, 0x00000000eab00000)
  object space 175104K, 0% used [0x00000000c0000000,0x00000000c0004000,0x00000000cab00000)
 Metaspace       used 6272K, capacity 7216K, committed 7296K, reserved 1056768K
  class space    used 576K, capacity 616K, committed 640K, reserved 1048576K

Card table byte_map: [0x0000000011810000,0x0000000011a20000] byte_map_base: 0x0000000011210000

Marking Bits: (ParMarkBitMap*) 0x0000000057709d00
 Begin Bits: [0x0000000012890000, 0x0000000013890000)
 End Bits:   [0x0000000013890000, 0x0000000014890000)

Polling page: 0x00000000000b0000

CodeCache: size=245760Kb used=7317Kb max_used=7317Kb free=238442Kb
 bounds [0x0000000002450000, 0x0000000002b80000, 0x0000000011450000]
 total_blobs=2018 nmethods=1748 adapters=183
 compilation: enabled

Compilation events (10 events):
Event: 2.876 Thread 0x0000000056474000 nmethod 1769 0x0000000002b60cd0 code [0x0000000002b60e60, 0x0000000002b61168]
Event: 2.876 Thread 0x0000000056474000 1770       2       java.util.concurrent.locks.AbstractQueuedSynchronizer::isOnSyncQueue (33 bytes)
Event: 2.876 Thread 0x0000000056474000 nmethod 1770 0x0000000002b60810 code [0x0000000002b60980, 0x0000000002b60bb0]
Event: 2.876 Thread 0x0000000056474000 1771       2       java.util.concurrent.locks.AbstractQueuedSynchronizer::transferForSignal (45 bytes)
Event: 2.877 Thread 0x0000000056474000 nmethod 1771 0x0000000002b60310 code [0x0000000002b60480, 0x0000000002b606d8]
Event: 2.877 Thread 0x0000000056474000 1773       2       com.android.dx.rop.cst.CstType::intern (33 bytes)
Event: 2.877 Thread 0x0000000056474000 nmethod 1773 0x0000000002b5fe90 code [0x0000000002b60000, 0x0000000002b60218]
Event: 2.877 Thread 0x0000000056474000 1772       2       java.util.concurrent.locks.AbstractQueuedSynchronizer$ConditionObject::checkInterruptWhileWaiting (27 bytes)
Event: 2.877 Thread 0x0000000056474000 nmethod 1772 0x0000000002b71890 code [0x0000000002b71a20, 0x0000000002b71cf8]
Event: 2.877 Thread 0x0000000056474000 1774       2       com.android.dx.cf.direct.AnnotationParser::parseValue (805 bytes)

GC Heap History (2 events):
Event: 2.641 GC heap before
{Heap before GC invocations=1 (full 0):
 PSYoungGen      total 76288K, used 65536K [0x00000000eab00000, 0x00000000f0000000, 0x0000000100000000)
  eden space 65536K, 100% used [0x00000000eab00000,0x00000000eeb00000,0x00000000eeb00000)
  from space 10752K, 0% used [0x00000000ef580000,0x00000000ef580000,0x00000000f0000000)
  to   space 10752K, 0% used [0x00000000eeb00000,0x00000000eeb00000,0x00000000ef580000)
 ParOldGen       total 175104K, used 0K [0x00000000c0000000, 0x00000000cab00000, 0x00000000eab00000)
  object space 175104K, 0% used [0x00000000c0000000,0x00000000c0000000,0x00000000cab00000)
 Metaspace       used 6088K, capacity 7152K, committed 7296K, reserved 1056768K
  class space    used 575K, capacity 616K, committed 640K, reserved 1048576K
Event: 2.700 GC heap after
Heap after GC invocations=1 (full 0):
 PSYoungGen      total 76288K, used 10054K [0x00000000eab00000, 0x00000000f0000000, 0x0000000100000000)
  eden space 65536K, 0% used [0x00000000eab00000,0x00000000eab00000,0x00000000eeb00000)
  from space 10752K, 93% used [0x00000000eeb00000,0x00000000ef4d1b90,0x00000000ef580000)
  to   space 10752K, 0% used [0x00000000ef580000,0x00000000ef580000,0x00000000f0000000)
 ParOldGen       total 175104K, used 16K [0x00000000c0000000, 0x00000000cab00000, 0x00000000eab00000)
  object space 175104K, 0% used [0x00000000c0000000,0x00000000c0004000,0x00000000cab00000)
 Metaspace       used 6088K, capacity 7152K, committed 7296K, reserved 1056768K
  class space    used 575K, capacity 616K, committed 640K, reserved 1048576K
}

Deoptimization events (10 events):
Event: 2.275 Thread 0x0000000058d7d000 Uncommon trap: reason=class_check action=maybe_recompile pc=0x0000000002756d98 method=com.android.dx.rop.type.Type.equals(Ljava/lang/Object;)Z @ 8
Event: 2.277 Thread 0x0000000058d7d000 Uncommon trap: reason=unstable_if action=reinterpret pc=0x0000000002806684 method=com.android.dx.rop.cst.Constant.compareTo(Lcom/android/dx/rop/cst/Constant;)I @ 12
Event: 2.278 Thread 0x0000000058d7d000 Uncommon trap: reason=unstable_if action=reinterpret pc=0x00000000028f3590 method=com.android.dx.util.LabeledList.set(ILcom/android/dx/util/LabeledItem;)V @ 16
Event: 2.295 Thread 0x000000005675a000 Uncommon trap: reason=unstable_if action=reinterpret pc=0x000000000284200c method=com.android.dx.ssa.SsaMethod.updateOneDefinition(Lcom/android/dx/ssa/SsaInsn;Lcom/android/dx/rop/code/RegisterSpec;)V @ 4
Event: 2.614 Thread 0x000000005675a000 Uncommon trap: reason=unstable_if action=reinterpret pc=0x00000000029e5490 method=com.android.dx.cf.code.BytecodeArray.parseInstruction(ILcom/android/dx/cf/code/BytecodeArray$Visitor;)I @ 1198
Event: 2.707 Thread 0x0000000058d7d000 Uncommon trap: reason=unstable_if action=reinterpret pc=0x000000000297b370 method=com.android.dx.ssa.SsaRenamer$BlockRenamer.visitMoveInsn(Lcom/android/dx/ssa/NormalSsaInsn;)V @ 104
Event: 2.707 Thread 0x0000000058d7d000 Uncommon trap: reason=unstable_if action=reinterpret pc=0x0000000002a51350 method=com.android.dx.ssa.SsaRenamer$BlockRenamer.process()V @ 90
Event: 2.778 Thread 0x000000005675a000 Uncommon trap: reason=unstable_if action=reinterpret pc=0x0000000002aa8090 method=com.android.dx.rop.code.RegisterSpecSet.localItemToSpec(Lcom/android/dx/rop/code/LocalItem;)Lcom/android/dx/rop/code/RegisterSpec; @ 35
Event: 2.783 Thread 0x000000005675a000 Uncommon trap: reason=null_check action=make_not_entrant pc=0x000000000290ec58 method=com.android.dx.rop.type.Type.equals(Ljava/lang/Object;)Z @ 8
Event: 2.793 Thread 0x0000000058e08800 Uncommon trap: reason=unstable_if action=reinterpret pc=0x00000000028ae02c method=com.android.dx.util.IntList.binarysearch(I)I @ 105

Internal exceptions (3 events):
Event: 0.056 Thread 0x000000000008e000 Exception <a 'java/lang/NoSuchMethodError': Method sun.misc.Unsafe.defineClass(Ljava/lang/String;[BII)Ljava/lang/Class; name or signature does not match> (0x00000000eab07cc0) thrown at [C:\src\android\AOSP-openjdk\external\jetbrains\jdk\hotspot\src\share\vŽ1Ëñ·§¬?
Event: 0.056 Thread 0x000000000008e000 Exception <a 'java/lang/NoSuchMethodError': Method sun.misc.Unsafe.prefetchRead(Ljava/lang/Object;J)V name or signature does not match> (0x00000000eab07fa8) thrown at [C:\src\android\AOSP-openjdk\external\jetbrains\jdk\hotspot\src\share\vm\prims\jni.cpp, lKô°ŒØC@
Event: 2.783 Thread 0x000000005675a000 Implicit null exception at 0x000000000290eb52 to 0x000000000290ec4a

Events (10 events):
Event: 2.783 Thread 0x000000005675a000 Uncommon trap: trap_request=0xfffffff4 fr.pc=0x000000000290ec58
Event: 2.783 Thread 0x000000005675a000 DEOPT PACKING pc=0x000000000290ec58 sp=0x000000005982e060
Event: 2.783 Thread 0x000000005675a000 DEOPT UNPACKING pc=0x000000000249556a sp=0x000000005982dfe8 mode 2
Event: 2.786 loading class java/util/concurrent/ThreadLocalRandom
Event: 2.787 loading class java/util/Random
Event: 2.787 loading class java/util/Random done
Event: 2.787 loading class java/util/concurrent/ThreadLocalRandom done
Event: 2.793 Thread 0x0000000058e08800 Uncommon trap: trap_request=0xffffff65 fr.pc=0x00000000028ae02c
Event: 2.793 Thread 0x0000000058e08800 DEOPT PACKING pc=0x00000000028ae02c sp=0x00000000587fe240
Event: 2.793 Thread 0x0000000058e08800 DEOPT UNPACKING pc=0x000000000249556a sp=0x00000000587fe1b8 mode 2


Dynamic libraries:
0x000000013f530000 - 0x000000013f561000 	D:\Program Files\Android\Android Studio\jre\bin\java.exe
0x0000000077980000 - 0x0000000077b2a000 	C:\Windows\SYSTEM32\ntdll.dll
0x00000000773e0000 - 0x00000000774ff000 	C:\Windows\system32\kernel32.dll
0x000007fefe150000 - 0x000007fefe1ba000 	C:\Windows\system32\KERNELBASE.dll
0x000007feff5d0000 - 0x000007feff6ab000 	C:\Windows\system32\ADVAPI32.dll
0x000007fefe270000 - 0x000007fefe30f000 	C:\Windows\system32\msvcrt.dll
0x000007fefe310000 - 0x000007fefe32f000 	C:\Windows\SYSTEM32\sechost.dll
0x000007feff9a0000 - 0x000007feffacd000 	C:\Windows\system32\RPCRT4.dll
0x0000000077660000 - 0x000000007775a000 	C:\Windows\system32\USER32.dll
0x000007fefe1c0000 - 0x000007fefe227000 	C:\Windows\system32\GDI32.dll
0x000007feffc00000 - 0x000007feffc0e000 	C:\Windows\system32\LPK.dll
0x000007feff400000 - 0x000007feff4cb000 	C:\Windows\system32\USP10.dll
0x000007fefc9e0000 - 0x000007fefcbd4000 	C:\Windows\WinSxS\amd64_microsoft.windows.common-controls_6595b64144ccf1df_6.0.7601.17514_none_fa396087175ac9ac\COMCTL32.dll
0x000007feff4d0000 - 0x000007feff541000 	C:\Windows\system32\SHLWAPI.dll
0x000007fefe230000 - 0x000007fefe25e000 	C:\Windows\system32\IMM32.DLL
0x000007feff890000 - 0x000007feff999000 	C:\Windows\system32\MSCTF.dll
0x0000000057fa0000 - 0x0000000058072000 	D:\Program Files\Android\Android Studio\jre\jre\bin\msvcr100.dll
0x0000000056f50000 - 0x0000000057784000 	D:\Program Files\Android\Android Studio\jre\jre\bin\server\jvm.dll
0x000007fefb370000 - 0x000007fefb379000 	C:\Windows\system32\WSOCK32.dll
0x000007feffbb0000 - 0x000007feffbfd000 	C:\Windows\system32\WS2_32.dll
0x000007fefe260000 - 0x000007fefe268000 	C:\Windows\system32\NSI.dll
0x000007fefb9e0000 - 0x000007fefba1b000 	C:\Windows\system32\WINMM.dll
0x000007fefcf00000 - 0x000007fefcf0c000 	C:\Windows\system32\VERSION.dll
0x0000000077b50000 - 0x0000000077b57000 	C:\Windows\system32\PSAPI.DLL
0x000007fefb6c0000 - 0x000007fefb6cf000 	D:\Program Files\Android\Android Studio\jre\jre\bin\verify.dll
0x000007fefb630000 - 0x000007fefb659000 	D:\Program Files\Android\Android Studio\jre\jre\bin\java.dll
0x000007fefb600000 - 0x000007fefb616000 	D:\Program Files\Android\Android Studio\jre\jre\bin\zip.dll
0x000007fefe5d0000 - 0x000007feff35a000 	C:\Windows\system32\SHELL32.dll
0x000007fefe3d0000 - 0x000007fefe5cc000 	C:\Windows\system32\ole32.dll
0x000007fefddf0000 - 0x000007fefddff000 	C:\Windows\system32\profapi.dll

VM Arguments:
jvm_args: -Djava.awt.headless=true -Xmx1024M -Dfile.encoding=GBK -Duser.country=CN -Duser.language=zh -Duser.variant 
java_command: com.android.dx.command.Main --dex --num-threads=4 --output G:\scripts\dj_program\customviews\CustomViews\CustomViews\app\build\intermediates\pre-dexed\debug\com.android.support-support-compat-25.3.1_2fe6e4fdcf36839117404486bd82f0d7064dd5c9.jar G:\scripts\dj_program\customviews\CustomViews\CustomViews\app\build\intermediates\exploded-aar\com.android.support\support-compat\25.3.1\jars\classes.jar
java_class_path (initial): G:\androidStudio-sdk-tools\windows-tool\studioSdk-win\studioSdk\build-tools\26.0.2\lib\dx.jar
Launcher Type: SUN_STANDARD

Environment Variables:
JAVA_HOME=E:\Program Files (x86)\Java\jdk1.7.0_45
PATH=C:\Windows\system32;C:\Windows;C:\Windows\System32\Wbem;C:\Windows\System32\WindowsPowerShell\v1.0\;E:\Program Files (x86)\adt-bundle-windows-x86_64-20140702\sdk\platform-tools;E:\Program Files (x86)\Java\jdk1.7.0_45\bin;E:\Program Files (x86)\sdk_new\platform-tools;C:\Python27;C:\Users\gang.an\AppData\Local\Programs\Python\Python35;C:\Users\gang.an\AppData\Local\Programs\Python\Python35\Scripts;C:\Program Files (x86)\Mozilla Firefox;C:\Program Files\Git\cmd
USERNAME=gang.an
OS=Windows_NT
PROCESSOR_IDENTIFIER=Intel64 Family 6 Model 60 Stepping 3, GenuineIntel



---------------  S Y S T E M  ---------------

OS: Windows 7 , 64 bit Build 7601 (6.1.7601.23915)

CPU:total 8 (4 cores per cpu, 2 threads per core) family 6 model 60 stepping 3, cmov, cx8, fxsr, mmx, sse, sse2, sse3, ssse3, sse4.1, sse4.2, popcnt, avx, avx2, aes, clmul, erms, lzcnt, ht, tsc, tscinvbit, bmi1, bmi2

Memory: 4k page, physical 16683156k(635404k free), swap 16681296k(5524k free)

vm_info: OpenJDK 64-Bit Server VM (25.76-b03) for windows-amd64 JRE (1.8.0_76-release-b03), built on Jun 29 2016 19:09:20 by "ralucas" with MS VC++ 10.0 (VS2010)

time: Thu Nov 02 10:45:54 2017
elapsed time: 2 seconds (0d 0h 0m 2s)

