#
# There is insufficient memory for the Java Runtime Environment to continue.
# Native memory allocation (malloc) failed to allocate 397936 bytes for Chunk::new
# Possible reasons:
#   The system is out of physical RAM or swap space
#   In 32 bit mode, the process size limit was hit
# Possible solutions:
#   Reduce memory load on the system
#   Increase physical memory or swap space
#   Check if swap backing store is full
#   Use 64 bit Java on a 64 bit OS
#   Decrease Java heap size (-Xmx/-Xms)
#   Decrease number of Java threads
#   Decrease Java thread stack sizes (-Xss)
#   Set larger code cache with -XX:ReservedCodeCacheSize=
# This output file may be truncated or incomplete.
#
#  Out of Memory Error (allocation.cpp:390), pid=6552, tid=0x0000000000001d04
#
# JRE version: OpenJDK Runtime Environment (8.0_76-b03) (build 1.8.0_76-release-b03)
# Java VM: OpenJDK 64-Bit Server VM (25.76-b03 mixed mode windows-amd64 compressed oops)
# Failed to write core dump. Minidumps are not enabled by default on client versions of Windows
#

---------------  T H R E A D  ---------------

Current thread (0x00000000563b0800):  JavaThread "C2 CompilerThread1" daemon [_thread_in_native, id=7428, stack(0x0000000058580000,0x0000000058680000)]

Stack: [0x0000000058580000,0x0000000058680000]
[error occurred during error reporting (printing stack bounds), id 0xc0000005]

Native frames: (J=compiled Java code, j=interpreted, Vv=VM code, C=native code)


Current CompileTask:
C2:   1632 1515   !   4       com.android.dx.cf.code.BytecodeArray::parseInstruction (2764 bytes)


---------------  P R O C E S S  ---------------

Java Threads: ( => current thread )
  0x000000005667f800 JavaThread "pool-1-thread-4" [_thread_blocked, id=6720, stack(0x0000000059b80000,0x0000000059c80000)]
  0x0000000056618800 JavaThread "pool-1-thread-3" [_thread_blocked, id=1348, stack(0x00000000599b0000,0x0000000059ab0000)]
  0x0000000058ec8000 JavaThread "pool-1-thread-2" [_thread_blocked, id=6220, stack(0x0000000059730000,0x0000000059830000)]
  0x00000000565f1000 JavaThread "pool-2-thread-1" [_thread_blocked, id=7436, stack(0x0000000058c70000,0x0000000058d70000)]
  0x00000000565f0000 JavaThread "pool-1-thread-1" [_thread_blocked, id=6060, stack(0x0000000058d70000,0x0000000058e70000)]
  0x0000000056449800 JavaThread "Service Thread" daemon [_thread_blocked, id=7328, stack(0x0000000058700000,0x0000000058800000)]
  0x00000000563d4000 JavaThread "C1 CompilerThread3" daemon [_thread_blocked, id=6548, stack(0x00000000589b0000,0x0000000058ab0000)]
  0x00000000563cd800 JavaThread "C2 CompilerThread2" daemon [_thread_in_native, id=4572, stack(0x0000000058800000,0x0000000058900000)]
=>0x00000000563b0800 JavaThread "C2 CompilerThread1" daemon [_thread_in_native, id=7428, stack(0x0000000058580000,0x0000000058680000)]
  0x00000000563ac800 JavaThread "C2 CompilerThread0" daemon [_thread_in_native, id=8132, stack(0x0000000058230000,0x0000000058330000)]
  0x000000005639d000 JavaThread "Attach Listener" daemon [_thread_blocked, id=4380, stack(0x0000000058360000,0x0000000058460000)]
  0x00000000563ab000 JavaThread "Signal Dispatcher" daemon [_thread_blocked, id=6204, stack(0x0000000057e90000,0x0000000057f90000)]
  0x00000000553ed000 JavaThread "Finalizer" daemon [_thread_blocked, id=2480, stack(0x0000000058080000,0x0000000058180000)]
  0x00000000553e6800 JavaThread "Reference Handler" daemon [_thread_blocked, id=6032, stack(0x0000000057bf0000,0x0000000057cf0000)]
  0x00000000021de000 JavaThread "main" [_thread_blocked, id=3252, stack(0x0000000002250000,0x0000000002350000)]

Other Threads:
  0x0000000056343800 VMThread [stack: 0x0000000057d40000,0x0000000057e40000] [id=5040]
  0x0000000056454800 WatcherThread [stack: 0x0000000058b30000,0x0000000058c30000] [id=7988]

VM state:not at safepoint (normal execution)

VM Mutex/Monitor currently owned by a thread: None

Heap:
 PSYoungGen      total 76288K, used 57369K [0x00000000eab00000, 0x00000000f4000000, 0x0000000100000000)
  eden space 65536K, 71% used [0x00000000eab00000,0x00000000ed88bde0,0x00000000eeb00000)
  from space 10752K, 99% used [0x00000000eeb00000,0x00000000ef57a628,0x00000000ef580000)
  to   space 10752K, 0% used [0x00000000f3580000,0x00000000f3580000,0x00000000f4000000)
 ParOldGen       total 175104K, used 1146K [0x00000000c0000000, 0x00000000cab00000, 0x00000000eab00000)
  object space 175104K, 0% used [0x00000000c0000000,0x00000000c011e900,0x00000000cab00000)
 Metaspace       used 6009K, capacity 7088K, committed 7296K, reserved 1056768K
  class space    used 568K, capacity 616K, committed 640K, reserved 1048576K

Card table byte_map: [0x0000000011710000,0x0000000011920000] byte_map_base: 0x0000000011110000

Marking Bits: (ParMarkBitMap*) 0x0000000057709d00
 Begin Bits: [0x0000000012800000, 0x0000000013800000)
 End Bits:   [0x0000000013800000, 0x0000000014800000)

Polling page: 0x0000000000110000

CodeCache: size=245760Kb used=6108Kb max_used=6126Kb free=239651Kb
 bounds [0x0000000002350000, 0x0000000002960000, 0x0000000011350000]
 total_blobs=1754 nmethods=1490 adapters=178
 compilation: enabled

Compilation events (10 events):
Event: 1.557 Thread 0x00000000563d4000 1513       3       java.util.concurrent.locks.AbstractQueuedSynchronizer::release (33 bytes)
Event: 1.557 Thread 0x00000000563d4000 nmethod 1513 0x000000000292ac90 code [0x000000000292ae00, 0x000000000292b118]
Event: 1.558 Thread 0x00000000563d4000 1517  s    3       com.android.dx.dex.file.FieldIdsSection::intern (55 bytes)
Event: 1.559 Thread 0x00000000563d4000 nmethod 1517 0x0000000002928390 code [0x00000000029285c0, 0x00000000029292a8]
Event: 1.573 Thread 0x00000000563b0800 nmethod 1485 0x00000000029460d0 code [0x0000000002946400, 0x0000000002949350]
Event: 1.573 Thread 0x00000000563b0800 1515   !   4       com.android.dx.cf.code.BytecodeArray::parseInstruction (2764 bytes)
Event: 1.590 Thread 0x00000000563ac800 nmethod 1314 0x000000000294d450 code [0x000000000294d6c0, 0x000000000294f440]
Event: 1.590 Thread 0x00000000563ac800 1483       4       com.android.dx.util.BitIntSet$1::hasNext (13 bytes)
Event: 1.590 Thread 0x00000000563ac800 nmethod 1483 0x00000000028f19d0 code [0x00000000028f1b00, 0x00000000028f1b58]
Event: 1.590 Thread 0x00000000563ac800 1516       4       com.android.dx.ssa.back.FirstFitLocalCombiningAllocator$1::visitNonMoveInsn (6 bytes)

GC Heap History (2 events):
Event: 0.951 GC heap before
{Heap before GC invocations=1 (full 0):
 PSYoungGen      total 76288K, used 65536K [0x00000000eab00000, 0x00000000f0000000, 0x0000000100000000)
  eden space 65536K, 100% used [0x00000000eab00000,0x00000000eeb00000,0x00000000eeb00000)
  from space 10752K, 0% used [0x00000000ef580000,0x00000000ef580000,0x00000000f0000000)
  to   space 10752K, 0% used [0x00000000eeb00000,0x00000000eeb00000,0x00000000ef580000)
 ParOldGen       total 175104K, used 0K [0x00000000c0000000, 0x00000000cab00000, 0x00000000eab00000)
  object space 175104K, 0% used [0x00000000c0000000,0x00000000c0000000,0x00000000cab00000)
 Metaspace       used 5959K, capacity 7024K, committed 7296K, reserved 1056768K
  class space    used 568K, capacity 616K, committed 640K, reserved 1048576K
Event: 1.249 GC heap after
Heap after GC invocations=1 (full 0):
 PSYoungGen      total 76288K, used 10729K [0x00000000eab00000, 0x00000000f4000000, 0x0000000100000000)
  eden space 65536K, 0% used [0x00000000eab00000,0x00000000eab00000,0x00000000eeb00000)
  from space 10752K, 99% used [0x00000000eeb00000,0x00000000ef57a628,0x00000000ef580000)
  to   space 10752K, 0% used [0x00000000f3580000,0x00000000f3580000,0x00000000f4000000)
 ParOldGen       total 175104K, used 1146K [0x00000000c0000000, 0x00000000cab00000, 0x00000000eab00000)
  object space 175104K, 0% used [0x00000000c0000000,0x00000000c011e900,0x00000000cab00000)
 Metaspace       used 5959K, capacity 7024K, committed 7296K, reserved 1056768K
  class space    used 568K, capacity 616K, committed 640K, reserved 1048576K
}

Deoptimization events (10 events):
Event: 1.426 Thread 0x0000000056618800 Uncommon trap: reason=bimorphic action=maybe_recompile pc=0x00000000028fe1a8 method=com.android.dx.rop.code.RegisterSpec.withSimpleType()Lcom/android/dx/rop/code/RegisterSpec; @ 21
Event: 1.428 Thread 0x0000000056618800 Uncommon trap: reason=bimorphic action=maybe_recompile pc=0x00000000028fe1a8 method=com.android.dx.rop.code.RegisterSpec.withSimpleType()Lcom/android/dx/rop/code/RegisterSpec; @ 21
Event: 1.432 Thread 0x0000000056618800 Uncommon trap: reason=bimorphic action=maybe_recompile pc=0x00000000028fe1a8 method=com.android.dx.rop.code.RegisterSpec.withSimpleType()Lcom/android/dx/rop/code/RegisterSpec; @ 21
Event: 1.433 Thread 0x000000005667f800 Uncommon trap: reason=bimorphic action=maybe_recompile pc=0x00000000028cef50 method=com.android.dx.cf.code.BytecodeArray.parseInstruction(ILcom/android/dx/cf/code/BytecodeArray$Visitor;)I @ 1501
Event: 1.433 Thread 0x0000000056618800 Uncommon trap: reason=bimorphic action=maybe_recompile pc=0x00000000028fe1a8 method=com.android.dx.rop.code.RegisterSpec.withSimpleType()Lcom/android/dx/rop/code/RegisterSpec; @ 21
Event: 1.434 Thread 0x000000005667f800 Uncommon trap: reason=bimorphic action=maybe_recompile pc=0x00000000028cef50 method=com.android.dx.cf.code.BytecodeArray.parseInstruction(ILcom/android/dx/cf/code/BytecodeArray$Visitor;)I @ 1501
Event: 1.557 Thread 0x0000000056618800 Uncommon trap: reason=bimorphic action=maybe_recompile pc=0x00000000028cff58 method=com.android.dx.cf.code.BytecodeArray.parseInstruction(ILcom/android/dx/cf/code/BytecodeArray$Visitor;)I @ 1130
Event: 1.558 Thread 0x0000000056618800 Uncommon trap: reason=bimorphic action=maybe_recompile pc=0x00000000028cfc04 method=com.android.dx.cf.code.BytecodeArray.parseInstruction(ILcom/android/dx/cf/code/BytecodeArray$Visitor;)I @ 955
Event: 1.558 Thread 0x0000000056618800 Uncommon trap: reason=bimorphic action=maybe_recompile pc=0x00000000028cfb84 method=com.android.dx.cf.code.BytecodeArray.parseInstruction(ILcom/android/dx/cf/code/BytecodeArray$Visitor;)I @ 939
Event: 1.558 Thread 0x0000000056618800 Uncommon trap: reason=bimorphic action=maybe_recompile pc=0x00000000028cfc04 method=com.android.dx.cf.code.BytecodeArray.parseInstruction(ILcom/android/dx/cf/code/BytecodeArray$Visitor;)I @ 955

Internal exceptions (3 events):
Event: 0.032 Thread 0x00000000021de000 Exception <a 'java/lang/NoSuchMethodError': Method sun.misc.Unsafe.defineClass(Ljava/lang/String;[BII)Ljava/lang/Class; name or signature does not match> (0x00000000eab07cc0) thrown at [C:\src\android\AOSP-openjdk\external\jetbrains\jdk\hotspot\src\share\v¶Ão!×} ?
Event: 0.032 Thread 0x00000000021de000 Exception <a 'java/lang/NoSuchMethodError': Method sun.misc.Unsafe.prefetchRead(Ljava/lang/Object;J)V name or signature does not match> (0x00000000eab07fa8) thrown at [C:\src\android\AOSP-openjdk\external\jetbrains\jdk\hotspot\src\share\vm\prims\jni.cpp, l>Æ£ÙF§õ?
Event: 1.353 Thread 0x0000000056618800 Implicit null exception at 0x00000000028337b6 to 0x0000000002835011

Events (10 events):
Event: 1.558 Thread 0x0000000056618800 DEOPT UNPACKING pc=0x000000000239556a sp=0x0000000059aae9f8 mode 2
Event: 1.558 Thread 0x0000000056618800 Uncommon trap: trap_request=0xffffffc6 fr.pc=0x00000000028cfc04
Event: 1.558 Thread 0x0000000056618800 DEOPT PACKING pc=0x00000000028cfc04 sp=0x0000000059aaea70
Event: 1.558 Thread 0x0000000056618800 DEOPT UNPACKING pc=0x000000000239556a sp=0x0000000059aae9f8 mode 2
Event: 1.558 Thread 0x0000000056618800 Uncommon trap: trap_request=0xffffffc6 fr.pc=0x00000000028cfb84
Event: 1.558 Thread 0x0000000056618800 DEOPT PACKING pc=0x00000000028cfb84 sp=0x0000000059aaea70
Event: 1.558 Thread 0x0000000056618800 DEOPT UNPACKING pc=0x000000000239556a sp=0x0000000059aae9f8 mode 2
Event: 1.558 Thread 0x0000000056618800 Uncommon trap: trap_request=0xffffffc6 fr.pc=0x00000000028cfc04
Event: 1.558 Thread 0x0000000056618800 DEOPT PACKING pc=0x00000000028cfc04 sp=0x0000000059aaea70
Event: 1.558 Thread 0x0000000056618800 DEOPT UNPACKING pc=0x000000000239556a sp=0x0000000059aae9f8 mode 2


Dynamic libraries:
0x000000013f530000 - 0x000000013f561000 	D:\Program Files\Android\Android Studio\jre\bin\java.exe
0x0000000077980000 - 0x0000000077b2a000 	C:\Windows\SYSTEM32\ntdll.dll
0x00000000773e0000 - 0x00000000774ff000 	C:\Windows\system32\kernel32.dll
0x000007fefe150000 - 0x000007fefe1ba000 	C:\Windows\system32\KERNELBASE.dll
0x000007feff5d0000 - 0x000007feff6ab000 	C:\Windows\system32\ADVAPI32.dll
0x000007fefe270000 - 0x000007fefe30f000 	C:\Windows\system32\msvcrt.dll
0x000007fefe310000 - 0x000007fefe32f000 	C:\Windows\SYSTEM32\sechost.dll
0x000007feff9a0000 - 0x000007feffacd000 	C:\Windows\system32\RPCRT4.dll
0x0000000077660000 - 0x000000007775a000 	C:\Windows\system32\USER32.dll
0x000007fefe1c0000 - 0x000007fefe227000 	C:\Windows\system32\GDI32.dll
0x000007feffc00000 - 0x000007feffc0e000 	C:\Windows\system32\LPK.dll
0x000007feff400000 - 0x000007feff4cb000 	C:\Windows\system32\USP10.dll
0x000007fefc9e0000 - 0x000007fefcbd4000 	C:\Windows\WinSxS\amd64_microsoft.windows.common-controls_6595b64144ccf1df_6.0.7601.17514_none_fa396087175ac9ac\COMCTL32.dll
0x000007feff4d0000 - 0x000007feff541000 	C:\Windows\system32\SHLWAPI.dll
0x000007fefe230000 - 0x000007fefe25e000 	C:\Windows\system32\IMM32.DLL
0x000007feff890000 - 0x000007feff999000 	C:\Windows\system32\MSCTF.dll
0x0000000057fa0000 - 0x0000000058072000 	D:\Program Files\Android\Android Studio\jre\jre\bin\msvcr100.dll
0x0000000056f50000 - 0x0000000057784000 	D:\Program Files\Android\Android Studio\jre\jre\bin\server\jvm.dll
0x000007fefb370000 - 0x000007fefb379000 	C:\Windows\system32\WSOCK32.dll
0x000007feffbb0000 - 0x000007feffbfd000 	C:\Windows\system32\WS2_32.dll
0x000007fefe260000 - 0x000007fefe268000 	C:\Windows\system32\NSI.dll
0x000007fefb9e0000 - 0x000007fefba1b000 	C:\Windows\system32\WINMM.dll
0x000007fefcf00000 - 0x000007fefcf0c000 	C:\Windows\system32\VERSION.dll
0x0000000077b50000 - 0x0000000077b57000 	C:\Windows\system32\PSAPI.DLL
0x000007fefb6c0000 - 0x000007fefb6cf000 	D:\Program Files\Android\Android Studio\jre\jre\bin\verify.dll
0x000007fefb630000 - 0x000007fefb659000 	D:\Program Files\Android\Android Studio\jre\jre\bin\java.dll
0x000007fefb600000 - 0x000007fefb616000 	D:\Program Files\Android\Android Studio\jre\jre\bin\zip.dll
0x000007fefe5d0000 - 0x000007feff35a000 	C:\Windows\system32\SHELL32.dll
0x000007fefe3d0000 - 0x000007fefe5cc000 	C:\Windows\system32\ole32.dll
0x000007fefddf0000 - 0x000007fefddff000 	C:\Windows\system32\profapi.dll

VM Arguments:
jvm_args: -Djava.awt.headless=true -Xmx1024M -Dfile.encoding=GBK -Duser.country=CN -Duser.language=zh -Duser.variant 
java_command: com.android.dx.command.Main --dex --num-threads=4 --output G:\scripts\dj_program\customviews\CustomViews\CustomViews\app\build\intermediates\pre-dexed\debug\com.android.support-support-fragment-25.3.1_1eec01efaf0b82aae7a27ec71bab4dfb4df2d43e.jar G:\scripts\dj_program\customviews\CustomViews\CustomViews\app\build\intermediates\exploded-aar\com.android.support\support-fragment\25.3.1\jars\classes.jar
java_class_path (initial): G:\androidStudio-sdk-tools\windows-tool\studioSdk-win\studioSdk\build-tools\25.0.2\lib\dx.jar
Launcher Type: SUN_STANDARD

Environment Variables:
JAVA_HOME=E:\Program Files (x86)\Java\jdk1.7.0_45
PATH=C:\Windows\system32;C:\Windows;C:\Windows\System32\Wbem;C:\Windows\System32\WindowsPowerShell\v1.0\;E:\Program Files (x86)\adt-bundle-windows-x86_64-20140702\sdk\platform-tools;E:\Program Files (x86)\Java\jdk1.7.0_45\bin;E:\Program Files (x86)\sdk_new\platform-tools;C:\Python27;C:\Users\gang.an\AppData\Local\Programs\Python\Python35;C:\Users\gang.an\AppData\Local\Programs\Python\Python35\Scripts;C:\Program Files (x86)\Mozilla Firefox;C:\Program Files\Git\cmd
USERNAME=gang.an
OS=Windows_NT
PROCESSOR_IDENTIFIER=Intel64 Family 6 Model 60 Stepping 3, GenuineIntel



---------------  S Y S T E M  ---------------

OS: Windows 7 , 64 bit Build 7601 (6.1.7601.23915)

CPU:total 8 (4 cores per cpu, 2 threads per core) family 6 model 60 stepping 3, cmov, cx8, fxsr, mmx, sse, sse2, sse3, ssse3, sse4.1, sse4.2, popcnt, avx, avx2, aes, clmul, erms, lzcnt, ht, tsc, tscinvbit, bmi1, bmi2

Memory: 4k page, physical 16683156k(813444k free), swap 16681296k(5236k free)

vm_info: OpenJDK 64-Bit Server VM (25.76-b03) for windows-amd64 JRE (1.8.0_76-release-b03), built on Jun 29 2016 19:09:20 by "ralucas" with MS VC++ 10.0 (VS2010)

time: Thu Nov 02 10:54:07 2017
elapsed time: 1 seconds (0d 0h 0m 1s)

